# JRE version: Java(TM) SE Runtime Environment (8.0_152-b16) (build 1.8.0_152-b16)
# Java VM: Java HotSpot(TM) 64-Bit Server VM (25.152-b16 mixed mode windows-amd64 compressed oops)
Heap:
 PSYoungGen      total 23040K, used 8162K [0x00000000eb000000, 0x00000000eca80000, 0x0000000100000000)
  eden space 18944K, 27% used [0x00000000eb000000,0x00000000eb515bb0,0x00000000ec280000)
  from space 4096K, 72% used [0x00000000ec280000,0x00000000ec563030,0x00000000ec680000)
  to   space 4096K, 0% used [0x00000000ec680000,0x00000000ec680000,0x00000000eca80000)
 ParOldGen       total 44032K, used 13413K [0x00000000c1000000, 0x00000000c3b00000, 0x00000000eb000000)
  object space 44032K, 30% used [0x00000000c1000000,0x00000000c1d196b0,0x00000000c3b00000)
 Metaspace       used 15857K, capacity 16010K, committed 16256K, reserved 1062912K
  class space    used 1840K, capacity 1902K, committed 1920K, reserved 1048576K
GC Heap History (10 events):
Event: 20.492 GC heap before
{Heap before GC invocations=55 (full 0):
 PSYoungGen      total 23552K, used 21868K [0x00000000eb000000, 0x00000000ecb80000, 0x0000000100000000)
  eden space 18944K, 100% used [0x00000000eb000000,0x00000000ec280000,0x00000000ec280000)
  from space 4608K, 63% used [0x00000000ec700000,0x00000000ec9db030,0x00000000ecb80000)
  to   space 4608K, 0% used [0x00000000ec280000,0x00000000ec280000,0x00000000ec700000)
 ParOldGen       total 44032K, used 13245K [0x00000000c1000000, 0x00000000c3b00000, 0x00000000eb000000)
  object space 44032K, 30% used [0x00000000c1000000,0x00000000c1cef6b0,0x00000000c3b00000)
 Metaspace       used 15847K, capacity 16010K, committed 16256K, reserved 1062912K
  class space    used 1840K, capacity 1902K, committed 1920K, reserved 1048576K
Event: 20.493 GC heap after
Heap after GC invocations=55 (full 0):
 PSYoungGen      total 23552K, used 2956K [0x00000000eb000000, 0x00000000ecb80000, 0x0000000100000000)
  eden space 18944K, 0% used [0x00000000eb000000,0x00000000eb000000,0x00000000ec280000)
  from space 4608K, 64% used [0x00000000ec280000,0x00000000ec563030,0x00000000ec700000)
  to   space 4608K, 0% used [0x00000000ec700000,0x00000000ec700000,0x00000000ecb80000)
 ParOldGen       total 44032K, used 13277K [0x00000000c1000000, 0x00000000c3b00000, 0x00000000eb000000)
  object space 44032K, 30% used [0x00000000c1000000,0x00000000c1cf76b0,0x00000000c3b00000)
 Metaspace       used 15847K, capacity 16010K, committed 16256K, reserved 1062912K
  class space    used 1840K, capacity 1902K, committed 1920K, reserved 1048576K
}
Event: 20.969 GC heap before
{Heap before GC invocations=56 (full 0):
 PSYoungGen      total 23552K, used 21900K [0x00000000eb000000, 0x00000000ecb80000, 0x0000000100000000)
  eden space 18944K, 100% used [0x00000000eb000000,0x00000000ec280000,0x00000000ec280000)
  from space 4608K, 64% used [0x00000000ec280000,0x00000000ec563030,0x00000000ec700000)
  to   space 4608K, 0% used [0x00000000ec700000,0x00000000ec700000,0x00000000ecb80000)
 ParOldGen       total 44032K, used 13277K [0x00000000c1000000, 0x00000000c3b00000, 0x00000000eb000000)
  object space 44032K, 30% used [0x00000000c1000000,0x00000000c1cf76b0,0x00000000c3b00000)
 Metaspace       used 15851K, capacity 16010K, committed 16256K, reserved 1062912K
  class space    used 1840K, capacity 1902K, committed 1920K, reserved 1048576K
Event: 20.970 GC heap after
Heap after GC invocations=56 (full 0):
 PSYoungGen      total 23552K, used 2956K [0x00000000eb000000, 0x00000000ecb80000, 0x0000000100000000)
  eden space 18944K, 0% used [0x00000000eb000000,0x00000000eb000000,0x00000000ec280000)
  from space 4608K, 64% used [0x00000000ec700000,0x00000000ec9e3030,0x00000000ecb80000)
  to   space 4608K, 0% used [0x00000000ec280000,0x00000000ec280000,0x00000000ec700000)
 ParOldGen       total 44032K, used 13309K [0x00000000c1000000, 0x00000000c3b00000, 0x00000000eb000000)
  object space 44032K, 30% used [0x00000000c1000000,0x00000000c1cff6b0,0x00000000c3b00000)
 Metaspace       used 15851K, capacity 16010K, committed 16256K, reserved 1062912K
  class space    used 1840K, capacity 1902K, committed 1920K, reserved 1048576K
}
Event: 21.300 GC heap before
{Heap before GC invocations=57 (full 0):
 PSYoungGen      total 23552K, used 21900K [0x00000000eb000000, 0x00000000ecb80000, 0x0000000100000000)
  eden space 18944K, 100% used [0x00000000eb000000,0x00000000ec280000,0x00000000ec280000)
  from space 4608K, 64% used [0x00000000ec700000,0x00000000ec9e3030,0x00000000ecb80000)
  to   space 4608K, 0% used [0x00000000ec280000,0x00000000ec280000,0x00000000ec700000)
 ParOldGen       total 44032K, used 13309K [0x00000000c1000000, 0x00000000c3b00000, 0x00000000eb000000)
  object space 44032K, 30% used [0x00000000c1000000,0x00000000c1cff6b0,0x00000000c3b00000)
 Metaspace       used 15852K, capacity 16010K, committed 16256K, reserved 1062912K
  class space    used 1840K, capacity 1902K, committed 1920K, reserved 1048576K
Event: 21.302 GC heap after
Heap after GC invocations=57 (full 0):
 PSYoungGen      total 23552K, used 2956K [0x00000000eb000000, 0x00000000ecb80000, 0x0000000100000000)
  eden space 18944K, 0% used [0x00000000eb000000,0x00000000eb000000,0x00000000ec280000)
  from space 4608K, 64% used [0x00000000ec280000,0x00000000ec563030,0x00000000ec700000)
  to   space 4608K, 0% used [0x00000000ec700000,0x00000000ec700000,0x00000000ecb80000)
 ParOldGen       total 44032K, used 13357K [0x00000000c1000000, 0x00000000c3b00000, 0x00000000eb000000)
  object space 44032K, 30% used [0x00000000c1000000,0x00000000c1d0b6b0,0x00000000c3b00000)
 Metaspace       used 15852K, capacity 16010K, committed 16256K, reserved 1062912K
  class space    used 1840K, capacity 1902K, committed 1920K, reserved 1048576K
}
Event: 21.638 GC heap before
{Heap before GC invocations=58 (full 0):
 PSYoungGen      total 23552K, used 21900K [0x00000000eb000000, 0x00000000ecb80000, 0x0000000100000000)
  eden space 18944K, 100% used [0x00000000eb000000,0x00000000ec280000,0x00000000ec280000)
  from space 4608K, 64% used [0x00000000ec280000,0x00000000ec563030,0x00000000ec700000)
  to   space 4608K, 0% used [0x00000000ec700000,0x00000000ec700000,0x00000000ecb80000)
 ParOldGen       total 44032K, used 13357K [0x00000000c1000000, 0x00000000c3b00000, 0x00000000eb000000)
  object space 44032K, 30% used [0x00000000c1000000,0x00000000c1d0b6b0,0x00000000c3b00000)
 Metaspace       used 15852K, capacity 16010K, committed 16256K, reserved 1062912K
  class space    used 1840K, capacity 1902K, committed 1920K, reserved 1048576K
Event: 21.640 GC heap after
Heap after GC invocations=58 (full 0):
 PSYoungGen      total 22528K, used 2956K [0x00000000eb000000, 0x00000000eca80000, 0x0000000100000000)
  eden space 18944K, 0% used [0x00000000eb000000,0x00000000eb000000,0x00000000ec280000)
  from space 3584K, 82% used [0x00000000ec700000,0x00000000ec9e3030,0x00000000eca80000)
  to   space 4096K, 0% used [0x00000000ec280000,0x00000000ec280000,0x00000000ec680000)
 ParOldGen       total 44032K, used 13389K [0x00000000c1000000, 0x00000000c3b00000, 0x00000000eb000000)
  object space 44032K, 30% used [0x00000000c1000000,0x00000000c1d136b0,0x00000000c3b00000)
 Metaspace       used 15852K, capacity 16010K, committed 16256K, reserved 1062912K
  class space    used 1840K, capacity 1902K, committed 1920K, reserved 1048576K
}
Event: 22.159 GC heap before
{Heap before GC invocations=59 (full 0):
 PSYoungGen      total 22528K, used 21900K [0x00000000eb000000, 0x00000000eca80000, 0x0000000100000000)
  eden space 18944K, 100% used [0x00000000eb000000,0x00000000ec280000,0x00000000ec280000)
  from space 3584K, 82% used [0x00000000ec700000,0x00000000ec9e3030,0x00000000eca80000)
  to   space 4096K, 0% used [0x00000000ec280000,0x00000000ec280000,0x00000000ec680000)
 ParOldGen       total 44032K, used 13389K [0x00000000c1000000, 0x00000000c3b00000, 0x00000000eb000000)
  object space 44032K, 30% used [0x00000000c1000000,0x00000000c1d136b0,0x00000000c3b00000)
 Metaspace       used 15856K, capacity 16010K, committed 16256K, reserved 1062912K
  class space    used 1840K, capacity 1902K, committed 1920K, reserved 1048576K
Event: 22.160 GC heap after
Heap after GC invocations=59 (full 0):
 PSYoungGen      total 23040K, used 2956K [0x00000000eb000000, 0x00000000eca80000, 0x0000000100000000)
  eden space 18944K, 0% used [0x00000000eb000000,0x00000000eb000000,0x00000000ec280000)
  from space 4096K, 72% used [0x00000000ec280000,0x00000000ec563030,0x00000000ec680000)
  to   space 4096K, 0% used [0x00000000ec680000,0x00000000ec680000,0x00000000eca80000)
 ParOldGen       total 44032K, used 13413K [0x00000000c1000000, 0x00000000c3b00000, 0x00000000eb000000)
  object space 44032K, 30% used [0x00000000c1000000,0x00000000c1d196b0,0x00000000c3b00000)
 Metaspace       used 15856K, capacity 16010K, committed 16256K, reserved 1062912K
  class space    used 1840K, capacity 1902K, committed 1920K, reserved 1048576K
}

