# JRE version: Java(TM) SE Runtime Environment (8.0_152-b16) (build 1.8.0_152-b16)
# Java VM: Java HotSpot(TM) 64-Bit Server VM (25.152-b16 mixed mode windows-amd64 compressed oops)
Heap:
 PSYoungGen      total 46592K, used 8982K [0x00000000eb000000, 0x00000000ee080000, 0x0000000100000000)
  eden space 43520K, 13% used [0x00000000eb000000,0x00000000eb5f2860,0x00000000eda80000)
  from space 3072K, 94% used [0x00000000edd80000,0x00000000ee053030,0x00000000ee080000)
  to   space 3072K, 0% used [0x00000000eda80000,0x00000000eda80000,0x00000000edd80000)
 ParOldGen       total 32256K, used 8843K [0x00000000c1000000, 0x00000000c2f80000, 0x00000000eb000000)
  object space 32256K, 27% used [0x00000000c1000000,0x00000000c18a2cd0,0x00000000c2f80000)
 Metaspace       used 16120K, capacity 16332K, committed 16512K, reserved 1064960K
  class space    used 1842K, capacity 1901K, committed 1920K, reserved 1048576K
GC Heap History (10 events):
Event: 55.251 GC heap before
{Heap before GC invocations=119 (full 3):
 PSYoungGen      total 40448K, used 40236K [0x00000000eb000000, 0x00000000edc80000, 0x0000000100000000)
  eden space 37376K, 100% used [0x00000000eb000000,0x00000000ed480000,0x00000000ed480000)
  from space 3072K, 93% used [0x00000000ed480000,0x00000000ed74b030,0x00000000ed780000)
  to   space 3072K, 0% used [0x00000000ed980000,0x00000000ed980000,0x00000000edc80000)
 ParOldGen       total 32256K, used 8835K [0x00000000c1000000, 0x00000000c2f80000, 0x00000000eb000000)
  object space 32256K, 27% used [0x00000000c1000000,0x00000000c18a0cd0,0x00000000c2f80000)
 Metaspace       used 16118K, capacity 16332K, committed 16512K, reserved 1064960K
  class space    used 1842K, capacity 1901K, committed 1920K, reserved 1048576K
Event: 55.253 GC heap after
Heap after GC invocations=119 (full 3):
 PSYoungGen      total 42496K, used 2956K [0x00000000eb000000, 0x00000000edc80000, 0x0000000100000000)
  eden space 39424K, 0% used [0x00000000eb000000,0x00000000eb000000,0x00000000ed680000)
  from space 3072K, 96% used [0x00000000ed980000,0x00000000edc63030,0x00000000edc80000)
  to   space 3072K, 0% used [0x00000000ed680000,0x00000000ed680000,0x00000000ed980000)
 ParOldGen       total 32256K, used 8835K [0x00000000c1000000, 0x00000000c2f80000, 0x00000000eb000000)
  object space 32256K, 27% used [0x00000000c1000000,0x00000000c18a0cd0,0x00000000c2f80000)
 Metaspace       used 16118K, capacity 16332K, committed 16512K, reserved 1064960K
  class space    used 1842K, capacity 1901K, committed 1920K, reserved 1048576K
}
Event: 55.978 GC heap before
{Heap before GC invocations=120 (full 3):
 PSYoungGen      total 42496K, used 42380K [0x00000000eb000000, 0x00000000edc80000, 0x0000000100000000)
  eden space 39424K, 100% used [0x00000000eb000000,0x00000000ed680000,0x00000000ed680000)
  from space 3072K, 96% used [0x00000000ed980000,0x00000000edc63030,0x00000000edc80000)
  to   space 3072K, 0% used [0x00000000ed680000,0x00000000ed680000,0x00000000ed980000)
 ParOldGen       total 32256K, used 8835K [0x00000000c1000000, 0x00000000c2f80000, 0x00000000eb000000)
  object space 32256K, 27% used [0x00000000c1000000,0x00000000c18a0cd0,0x00000000c2f80000)
 Metaspace       used 16119K, capacity 16332K, committed 16512K, reserved 1064960K
  class space    used 1842K, capacity 1901K, committed 1920K, reserved 1048576K
Event: 55.979 GC heap after
Heap after GC invocations=120 (full 3):
 PSYoungGen      total 42496K, used 2956K [0x00000000eb000000, 0x00000000ede80000, 0x0000000100000000)
  eden space 39424K, 0% used [0x00000000eb000000,0x00000000eb000000,0x00000000ed680000)
  from space 3072K, 96% used [0x00000000ed680000,0x00000000ed963030,0x00000000ed980000)
  to   space 3072K, 0% used [0x00000000edb80000,0x00000000edb80000,0x00000000ede80000)
 ParOldGen       total 32256K, used 8835K [0x00000000c1000000, 0x00000000c2f80000, 0x00000000eb000000)
  object space 32256K, 27% used [0x00000000c1000000,0x00000000c18a0cd0,0x00000000c2f80000)
 Metaspace       used 16119K, capacity 16332K, committed 16512K, reserved 1064960K
  class space    used 1842K, capacity 1901K, committed 1920K, reserved 1048576K
}
Event: 56.689 GC heap before
{Heap before GC invocations=121 (full 3):
 PSYoungGen      total 42496K, used 42380K [0x00000000eb000000, 0x00000000ede80000, 0x0000000100000000)
  eden space 39424K, 100% used [0x00000000eb000000,0x00000000ed680000,0x00000000ed680000)
  from space 3072K, 96% used [0x00000000ed680000,0x00000000ed963030,0x00000000ed980000)
  to   space 3072K, 0% used [0x00000000edb80000,0x00000000edb80000,0x00000000ede80000)
 ParOldGen       total 32256K, used 8835K [0x00000000c1000000, 0x00000000c2f80000, 0x00000000eb000000)
  object space 32256K, 27% used [0x00000000c1000000,0x00000000c18a0cd0,0x00000000c2f80000)
 Metaspace       used 16119K, capacity 16332K, committed 16512K, reserved 1064960K
  class space    used 1842K, capacity 1901K, committed 1920K, reserved 1048576K
Event: 56.691 GC heap after
Heap after GC invocations=121 (full 3):
 PSYoungGen      total 44544K, used 2892K [0x00000000eb000000, 0x00000000ede80000, 0x0000000100000000)
  eden space 41472K, 0% used [0x00000000eb000000,0x00000000eb000000,0x00000000ed880000)
  from space 3072K, 94% used [0x00000000edb80000,0x00000000ede53030,0x00000000ede80000)
  to   space 3072K, 0% used [0x00000000ed880000,0x00000000ed880000,0x00000000edb80000)
 ParOldGen       total 32256K, used 8835K [0x00000000c1000000, 0x00000000c2f80000, 0x00000000eb000000)
  object space 32256K, 27% used [0x00000000c1000000,0x00000000c18a0cd0,0x00000000c2f80000)
 Metaspace       used 16119K, capacity 16332K, committed 16512K, reserved 1064960K
  class space    used 1842K, capacity 1901K, committed 1920K, reserved 1048576K
}
Event: 57.451 GC heap before
{Heap before GC invocations=122 (full 3):
 PSYoungGen      total 44544K, used 44364K [0x00000000eb000000, 0x00000000ede80000, 0x0000000100000000)
  eden space 41472K, 100% used [0x00000000eb000000,0x00000000ed880000,0x00000000ed880000)
  from space 3072K, 94% used [0x00000000edb80000,0x00000000ede53030,0x00000000ede80000)
  to   space 3072K, 0% used [0x00000000ed880000,0x00000000ed880000,0x00000000edb80000)
 ParOldGen       total 32256K, used 8835K [0x00000000c1000000, 0x00000000c2f80000, 0x00000000eb000000)
  object space 32256K, 27% used [0x00000000c1000000,0x00000000c18a0cd0,0x00000000c2f80000)
 Metaspace       used 16120K, capacity 16332K, committed 16512K, reserved 1064960K
  class space    used 1842K, capacity 1901K, committed 1920K, reserved 1048576K
Event: 57.452 GC heap after
Heap after GC invocations=122 (full 3):
 PSYoungGen      total 44544K, used 2924K [0x00000000eb000000, 0x00000000ee080000, 0x0000000100000000)
  eden space 41472K, 0% used [0x00000000eb000000,0x00000000eb000000,0x00000000ed880000)
  from space 3072K, 95% used [0x00000000ed880000,0x00000000edb5b030,0x00000000edb80000)
  to   space 3072K, 0% used [0x00000000edd80000,0x00000000edd80000,0x00000000ee080000)
 ParOldGen       total 32256K, used 8843K [0x00000000c1000000, 0x00000000c2f80000, 0x00000000eb000000)
  object space 32256K, 27% used [0x00000000c1000000,0x00000000c18a2cd0,0x00000000c2f80000)
 Metaspace       used 16120K, capacity 16332K, committed 16512K, reserved 1064960K
  class space    used 1842K, capacity 1901K, committed 1920K, reserved 1048576K
}
Event: 58.342 GC heap before
{Heap before GC invocations=123 (full 3):
 PSYoungGen      total 44544K, used 44396K [0x00000000eb000000, 0x00000000ee080000, 0x0000000100000000)
  eden space 41472K, 100% used [0x00000000eb000000,0x00000000ed880000,0x00000000ed880000)
  from space 3072K, 95% used [0x00000000ed880000,0x00000000edb5b030,0x00000000edb80000)
  to   space 3072K, 0% used [0x00000000edd80000,0x00000000edd80000,0x00000000ee080000)
 ParOldGen       total 32256K, used 8843K [0x00000000c1000000, 0x00000000c2f80000, 0x00000000eb000000)
  object space 32256K, 27% used [0x00000000c1000000,0x00000000c18a2cd0,0x00000000c2f80000)
 Metaspace       used 16120K, capacity 16332K, committed 16512K, reserved 1064960K
  class space    used 1842K, capacity 1901K, committed 1920K, reserved 1048576K
Event: 58.344 GC heap after
Heap after GC invocations=123 (full 3):
 PSYoungGen      total 46592K, used 2892K [0x00000000eb000000, 0x00000000ee080000, 0x0000000100000000)
  eden space 43520K, 0% used [0x00000000eb000000,0x00000000eb000000,0x00000000eda80000)
  from space 3072K, 94% used [0x00000000edd80000,0x00000000ee053030,0x00000000ee080000)
  to   space 3072K, 0% used [0x00000000eda80000,0x00000000eda80000,0x00000000edd80000)
 ParOldGen       total 32256K, used 8843K [0x00000000c1000000, 0x00000000c2f80000, 0x00000000eb000000)
  object space 32256K, 27% used [0x00000000c1000000,0x00000000c18a2cd0,0x00000000c2f80000)
 Metaspace       used 16120K, capacity 16332K, committed 16512K, reserved 1064960K
  class space    used 1842K, capacity 1901K, committed 1920K, reserved 1048576K
}

